[    0.000000] Linux version 4.15.0-212-generic (buildd@lcy02-amd64-083) (gcc version 7.5.0 (Ubuntu 7.5.0-3ubuntu1~18.04)) #223-Ubuntu SMP Tue May 23 13:09:22 UTC 2023 (Ubuntu 4.15.0-212.223-generic 4.15.18)
[    0.000000] Command line: BOOT_IMAGE=/boot/vmlinuz-4.15.0-212-generic root=LABEL=cloudimg-rootfs ro console=tty1 console=ttyS0
[    0.000000] KERNEL supported cpus:
[    0.000000]   Intel GenuineIntel
[    0.000000]   AMD AuthenticAMD
[    0.000000]   Centaur CentaurHauls
[    0.000000] x86/fpu: Supporting XSAVE feature 0x001: 'x87 floating point registers'
[    0.000000] x86/fpu: Supporting XSAVE feature 0x002: 'SSE registers'
[    0.000000] x86/fpu: Supporting XSAVE feature 0x004: 'AVX registers'
[    0.000000] x86/fpu: xstate_offset[2]:  576, xstate_sizes[2]:  256
[    0.000000] x86/fpu: Enabled xstate features 0x7, context size is 832 bytes, using 'standard' format.
[    0.000000] e820: BIOS-provided physical RAM map:
[    0.000000] BIOS-e820: [mem 0x0000000000000000-0x000000000009fbff] usable
[    0.000000] BIOS-e820: [mem 0x000000000009fc00-0x000000000009ffff] reserved
[    0.000000] BIOS-e820: [mem 0x00000000000f0000-0x00000000000fffff] reserved
[    0.000000] BIOS-e820: [mem 0x0000000000100000-0x00000000dffeffff] usable
[    0.000000] BIOS-e820: [mem 0x00000000dfff0000-0x00000000dfffffff] ACPI data
[    0.000000] BIOS-e820: [mem 0x00000000fec00000-0x00000000fec00fff] reserved
[    0.000000] BIOS-e820: [mem 0x00000000fee00000-0x00000000fee00fff] reserved
[    0.000000] BIOS-e820: [mem 0x00000000fffc0000-0x00000000ffffffff] reserved
[    0.000000] BIOS-e820: [mem 0x0000000100000000-0x000000011fffffff] usable
[    0.000000] NX (Execute Disable) protection: active
[    0.000000] SMBIOS 2.5 present.
[    0.000000] DMI: innotek GmbH VirtualBox/VirtualBox, BIOS VirtualBox 12/01/2006
[    0.000000] Hypervisor detected: KVM
[    0.000000] e820: last_pfn = 0x120000 max_arch_pfn = 0x400000000
[    0.000000] x86/PAT: Configuration [0-7]: WB  WC  UC- UC  WB  WP  UC- WT  
[    0.000000] CPU MTRRs all blank - virtualized system.
[    0.000000] e820: last_pfn = 0xdfff0 max_arch_pfn = 0x400000000
[    0.000000] found SMP MP-table at [mem 0x0009fbf0-0x0009fbff]
[    0.000000] Scanning 1 areas for low memory corruption
[    0.000000] RAMDISK: [mem 0x359cb000-0x36cdcfff]
[    0.000000] ACPI: Early table checksum verification disabled
[    0.000000] ACPI: RSDP 0x00000000000E0000 000024 (v02 VBOX  )
[    0.000000] ACPI: XSDT 0x00000000DFFF0030 00003C (v01 VBOX   VBOXXSDT 00000001 ASL  00000061)
[    0.000000] ACPI: FACP 0x00000000DFFF00F0 0000F4 (v04 VBOX   VBOXFACP 00000001 ASL  00000061)
[    0.000000] ACPI: DSDT 0x00000000DFFF02F0 002353 (v02 VBOX   VBOXBIOS 00000002 VBOX 000299F4)
[    0.000000] ACPI: FACS 0x00000000DFFF0200 000040
[    0.000000] ACPI: FACS 0x00000000DFFF0200 000040
[    0.000000] ACPI: APIC 0x00000000DFFF0240 00005C (v02 VBOX   VBOXAPIC 00000001 ASL  00000061)
[    0.000000] ACPI: SSDT 0x00000000DFFF02A0 000045 (v01 VBOX   VBOXCPUT 00000002 VBOX 000299F4)
[    0.000000] ACPI: Reserving FACP table memory at [mem 0xdfff00f0-0xdfff01e3]
[    0.000000] ACPI: Reserving DSDT table memory at [mem 0xdfff02f0-0xdfff2642]
[    0.000000] ACPI: Reserving FACS table memory at [mem 0xdfff0200-0xdfff023f]
[    0.000000] ACPI: Reserving FACS table memory at [mem 0xdfff0200-0xdfff023f]
[    0.000000] ACPI: Reserving APIC table memory at [mem 0xdfff0240-0xdfff029b]
[    0.000000] ACPI: Reserving SSDT table memory at [mem 0xdfff02a0-0xdfff02e4]
[    0.000000] No NUMA configuration found
[    0.000000] Faking a node at [mem 0x0000000000000000-0x000000011fffffff]
[    0.000000] NODE_DATA(0) allocated [mem 0x11ffd1000-0x11fffbfff]
[    0.000000] kvm-clock: cpu 0, msr 1:1ff50001, primary cpu clock
[    0.000000] kvm-clock: Using msrs 4b564d01 and 4b564d00
[    0.000000] kvm-clock: using sched offset of 8082252998 cycles
[    0.000000] clocksource: kvm-clock: mask: 0xffffffffffffffff max_cycles: 0x1cd42e4dffb, max_idle_ns: 881590591483 ns
[    0.000000] Zone ranges:
[    0.000000]   DMA      [mem 0x0000000000001000-0x0000000000ffffff]
[    0.000000]   DMA32    [mem 0x0000000001000000-0x00000000ffffffff]
[    0.000000]   Normal   [mem 0x0000000100000000-0x000000011fffffff]
[    0.000000]   Device   empty
[    0.000000] Movable zone start for each node
[    0.000000] Early memory node ranges
[    0.000000]   node   0: [mem 0x0000000000001000-0x000000000009efff]
[    0.000000]   node   0: [mem 0x0000000000100000-0x00000000dffeffff]
[    0.000000]   node   0: [mem 0x0000000100000000-0x000000011fffffff]
[    0.000000] Reserved but unavailable: 104 pages
[    0.000000] Initmem setup node 0 [mem 0x0000000000001000-0x000000011fffffff]
[    0.000000] ACPI: PM-Timer IO Port: 0x4008
[    0.000000] IOAPIC[0]: apic_id 2, version 32, address 0xfec00000, GSI 0-23
[    0.000000] ACPI: INT_SRC_OVR (bus 0 bus_irq 0 global_irq 2 dfl dfl)
[    0.000000] ACPI: INT_SRC_OVR (bus 0 bus_irq 9 global_irq 9 low level)
[    0.000000] Using ACPI (MADT) for SMP configuration information
[    0.000000] smpboot: Allowing 2 CPUs, 0 hotplug CPUs
[    0.000000] PM: Registered nosave memory: [mem 0x00000000-0x00000fff]
[    0.000000] PM: Registered nosave memory: [mem 0x0009f000-0x0009ffff]
[    0.000000] PM: Registered nosave memory: [mem 0x000a0000-0x000effff]
[    0.000000] PM: Registered nosave memory: [mem 0x000f0000-0x000fffff]
[    0.000000] PM: Registered nosave memory: [mem 0xdfff0000-0xdfffffff]
[    0.000000] PM: Registered nosave memory: [mem 0xe0000000-0xfebfffff]
[    0.000000] PM: Registered nosave memory: [mem 0xfec00000-0xfec00fff]
[    0.000000] PM: Registered nosave memory: [mem 0xfec01000-0xfedfffff]
[    0.000000] PM: Registered nosave memory: [mem 0xfee00000-0xfee00fff]
[    0.000000] PM: Registered nosave memory: [mem 0xfee01000-0xfffbffff]
[    0.000000] PM: Registered nosave memory: [mem 0xfffc0000-0xffffffff]
[    0.000000] e820: [mem 0xe0000000-0xfebfffff] available for PCI devices
[    0.000000] Booting paravirtualized kernel on KVM
[    0.000000] clocksource: refined-jiffies: mask: 0xffffffff max_cycles: 0xffffffff, max_idle_ns: 7645519600211568 ns
[    0.000000] setup_percpu: NR_CPUS:8192 nr_cpumask_bits:2 nr_cpu_ids:2 nr_node_ids:1
[    0.000000] percpu: Embedded 50 pages/cpu s167936 r8192 d28672 u1048576
[    0.000000] PV qspinlock hash table entries: 256 (order: 0, 4096 bytes)
[    0.000000] Built 1 zonelists, mobility grouping on.  Total pages: 1032057
[    0.000000] Policy zone: Normal
[    0.000000] Kernel command line: BOOT_IMAGE=/boot/vmlinuz-4.15.0-212-generic root=LABEL=cloudimg-rootfs ro console=tty1 console=ttyS0
[    0.000000] Memory: 4013252K/4193848K available (12300K kernel code, 2477K rwdata, 4324K rodata, 2480K init, 2720K bss, 180596K reserved, 0K cma-reserved)
[    0.000000] SLUB: HWalign=64, Order=0-3, MinObjects=0, CPUs=2, Nodes=1
[    0.000000] ftrace: allocating 39508 entries in 155 pages
[    0.004000] Hierarchical RCU implementation.
[    0.004000] 	RCU restricting CPUs from NR_CPUS=8192 to nr_cpu_ids=2.
[    0.004000] 	Tasks RCU enabled.
[    0.004000] RCU: Adjusting geometry for rcu_fanout_leaf=16, nr_cpu_ids=2
[    0.004000] NR_IRQS: 524544, nr_irqs: 440, preallocated irqs: 16
[    0.004000] random: crng init done
[    0.004000] Console: colour VGA+ 80x25
[    0.004000] console [tty1] enabled
[    0.004000] console [ttyS0] enabled
[    0.004000] ACPI: Core revision 20170831
[    0.004000] ACPI: 2 ACPI AML tables successfully acquired and loaded
[    0.004000] APIC: Switch to symmetric I/O mode setup
[    0.004000] ..TIMER: vector=0x30 apic1=0 pin1=2 apic2=-1 pin2=-1
[    0.004027] tsc: Detected 2687.998 MHz processor
[    0.008024] Calibrating delay loop (skipped) preset value.. 5375.99 BogoMIPS (lpj=10751992)
[    0.012016] pid_max: default: 32768 minimum: 301
[    0.016305] Security Framework initialized
[    0.020033] Yama: becoming mindful.
[    0.024413] AppArmor: AppArmor initialized
[    0.185160] Dentry cache hash table entries: 524288 (order: 10, 4194304 bytes)
[    0.248589] Inode-cache hash table entries: 262144 (order: 9, 2097152 bytes)
[    0.256174] Mount-cache hash table entries: 8192 (order: 4, 65536 bytes)
[    0.260814] Mountpoint-cache hash table entries: 8192 (order: 4, 65536 bytes)
[    0.300494] Last level iTLB entries: 4KB 0, 2MB 0, 4MB 0
[    0.304015] Last level dTLB entries: 4KB 0, 2MB 0, 4MB 0, 1GB 0
[    0.308046] Spectre V1 : Mitigation: usercopy/swapgs barriers and __user pointer sanitization
[    0.316037] Spectre V2 : Mitigation: Enhanced IBRS
[    0.320019] Spectre V2 : Spectre v2 / SpectreRSB mitigation: Filling RSB on context switch
[    0.324020] Spectre V2 : Spectre v2 / PBRSB-eIBRS: Retire a single CALL on VMEXIT
[    0.328036] RETBleed: Mitigation: Enhanced IBRS
[    0.332032] Speculative Store Bypass: Vulnerable
[    0.337561] Freeing SMP alternatives memory: 36K
[    0.468005] APIC calibration not consistent with PM-Timer: 102ms instead of 100ms
[    0.472000] APIC delta adjusted to PM-Timer: 6281915 (6417082)
[    0.473266] smpboot: CPU0: 12th Gen Intel(R) Core(TM) i7-12700H (family: 0x6, model: 0x9a, stepping: 0x3)
[    0.478612] Performance Events: unsupported p6 CPU model 154 no PMU driver, software events only.
[    0.484860] Hierarchical SRCU implementation.
[    0.493394] NMI watchdog: Perf event create on CPU 0 failed with -2
[    0.496014] NMI watchdog: Perf NMI watchdog permanently disabled
[    0.504134] smp: Bringing up secondary CPUs ...
[    0.515862] x86: Booting SMP configuration:
[    0.520037] .... node  #0, CPUs:      #1
[    0.004000] kvm-clock: cpu 1, msr 1:1ff50041, secondary cpu clock
[    0.596816] smp: Brought up 1 node, 2 CPUs
[    0.600038] smpboot: Max logical packages: 1
[    0.604023] smpboot: Total of 2 processors activated (10751.99 BogoMIPS)
[    0.636000] devtmpfs: initialized
[    0.640710] x86/mm: Memory block size: 128MB
[    0.654976] evm: security.selinux
[    0.656011] evm: security.SMACK64
[    0.660003] evm: security.SMACK64EXEC
[    0.664024] evm: security.SMACK64TRANSMUTE
[    0.668009] evm: security.SMACK64MMAP
[    0.672010] evm: security.apparmor
[    0.676011] evm: security.ima
[    0.680011] evm: security.capability
[    0.688358] clocksource: jiffies: mask: 0xffffffff max_cycles: 0xffffffff, max_idle_ns: 7645041785100000 ns
[    0.740031] futex hash table entries: 512 (order: 3, 32768 bytes)
[    0.745379] pinctrl core: initialized pinctrl subsystem
[    0.756033] RTC time: 14:09:58, date: 11/20/25
[    0.789869] NET: Registered protocol family 16
[    0.796440] audit: initializing netlink subsys (disabled)
[    0.805478] audit: type=2000 audit(1763647806.812:1): state=initialized audit_enabled=0 res=1
[    0.852040] cpuidle: using governor ladder
[    0.856034] cpuidle: using governor menu
[    0.860116] ACPI: bus type PCI registered
[    0.864033] acpiphp: ACPI Hot Plug PCI Controller Driver version: 0.5
[    0.872013] PCI: Using configuration type 1 for base access
[    0.920071] HugeTLB registered 2.00 MiB page size, pre-allocated 0 pages
[    1.006045] ACPI: Added _OSI(Module Device)
[    1.052014] ACPI: Added _OSI(Processor Device)
[    1.080016] ACPI: Added _OSI(3.0 _SCP Extensions)
[    1.120008] ACPI: Added _OSI(Processor Aggregator Device)
[    1.168019] ACPI: Added _OSI(Linux-Dell-Video)
[    1.232049] ACPI: Added _OSI(Linux-Lenovo-NV-HDMI-Audio)
[    1.328070] ACPI: Added _OSI(Linux-HPI-Hybrid-Graphics)
[    1.376989] ACPI: Executed 1 blocks of module-level executable AML code
[    1.457551] ACPI: Interpreter enabled
[    1.512087] ACPI: (supports S0 S5)
[    1.560022] ACPI: Using IOAPIC for interrupt routing
[    1.606429] PCI: Using host bridge windows from ACPI; if necessary, use "pci=nocrs" and report a bug
[    1.680642] ACPI: Enabled 2 GPEs in block 00 to 07
[    1.724208] ACPI: PCI Root Bridge [PCI0] (domain 0000 [bus 00-ff])
[    1.736031] acpi PNP0A03:00: _OSC: OS supports [ASPM ClockPM Segments MSI]
[    1.761928] acpi PNP0A03:00: _OSC: not requesting OS control; OS requires [ExtendedConfig ASPM ClockPM MSI]
[    1.808050] acpi PNP0A03:00: fail to add MMCONFIG information, can't access extended PCI configuration space under this bridge.
[    1.917026] PCI host bridge to bus 0000:00
[    1.972042] pci_bus 0000:00: root bus resource [io  0x0000-0x0cf7 window]
[    2.028028] pci_bus 0000:00: root bus resource [io  0x0d00-0xffff window]
[    2.068022] pci_bus 0000:00: root bus resource [mem 0x000a0000-0x000bffff window]
[    2.104032] pci_bus 0000:00: root bus resource [mem 0xe0000000-0xfdffffff window]
[    2.168053] pci_bus 0000:00: root bus resource [bus 00-ff]
[    2.240520] pci 0000:00:01.1: legacy IDE quirk: reg 0x10: [io  0x01f0-0x01f7]
[    2.332023] pci 0000:00:01.1: legacy IDE quirk: reg 0x14: [io  0x03f6]
[    2.372047] pci 0000:00:01.1: legacy IDE quirk: reg 0x18: [io  0x0170-0x0177]
[    2.488051] pci 0000:00:01.1: legacy IDE quirk: reg 0x1c: [io  0x0376]
[    2.760410] pci 0000:00:07.0: quirk: [io  0x4000-0x403f] claimed by PIIX4 ACPI
[    2.800151] pci 0000:00:07.0: quirk: [io  0x4100-0x410f] claimed by PIIX4 SMB
[    2.908140] ACPI: PCI Interrupt Link [LNKA] (IRQs 5 9 10 *11)
[    2.953404] ACPI: PCI Interrupt Link [LNKB] (IRQs 5 9 *10 11)
[    2.984877] ACPI: PCI Interrupt Link [LNKC] (IRQs 5 *9 10 11)
[    3.008691] ACPI: PCI Interrupt Link [LNKD] (IRQs 5 9 10 *11)
[    3.084000] SCSI subsystem initialized
[    3.114413] pci 0000:00:02.0: vgaarb: setting as boot VGA device
[    3.116000] pci 0000:00:02.0: vgaarb: VGA device added: decodes=io+mem,owns=io+mem,locks=none
[    3.256022] pci 0000:00:02.0: vgaarb: bridge control possible
[    3.284017] vgaarb: loaded
[    3.300323] ACPI: bus type USB registered
[    3.320060] usbcore: registered new interface driver usbfs
[    3.348134] usbcore: registered new interface driver hub
[    3.364044] usbcore: registered new device driver usb
[    3.436078] EDAC MC: Ver: 3.0.0
[    3.476892] PCI: Using ACPI for IRQ routing
[    3.546870] NetLabel: Initializing
[    3.572011] NetLabel:  domain hash size = 128
[    3.608037] NetLabel:  protocols = UNLABELED CIPSOv4 CALIPSO
[    3.692348] NetLabel:  unlabeled traffic allowed by default
[    3.774149] clocksource: Switched to clocksource kvm-clock
[    4.076160] VFS: Disk quotas dquot_6.6.0
[    4.100557] VFS: Dquot-cache hash table entries: 512 (order 0, 4096 bytes)
[    4.164584] AppArmor: AppArmor Filesystem Enabled
[    4.235858] pnp: PnP ACPI init
[    4.312986] pnp: PnP ACPI: found 3 devices
[    4.354811] clocksource: acpi_pm: mask: 0xffffff max_cycles: 0xffffff, max_idle_ns: 2085701024 ns
[    4.431265] NET: Registered protocol family 2
[    4.477802] IP idents hash table entries: 65536 (order: 7, 524288 bytes)
[    4.527223] TCP established hash table entries: 32768 (order: 6, 262144 bytes)
[    4.578222] TCP bind hash table entries: 32768 (order: 7, 524288 bytes)
[    4.612683] TCP: Hash tables configured (established 32768 bind 32768)
[    4.708172] UDP hash table entries: 2048 (order: 4, 65536 bytes)
[    4.747357] UDP-Lite hash table entries: 2048 (order: 4, 65536 bytes)
[    4.768738] NET: Registered protocol family 1
[    4.784020] pci 0000:00:00.0: Limiting direct PCI/PCI transfers
[    4.809820] pci 0000:00:01.0: Activating ISA DMA hang workarounds
[    4.884246] pci 0000:00:02.0: Video device with shadowed ROM at [mem 0x000c0000-0x000dffff]
[    4.965341] Unpacking initramfs...
[    8.069099] Freeing initrd memory: 19528K
[    8.131210] PCI-DMA: Using software bounce buffering for IO (SWIOTLB)
[    8.196763] software IO TLB: mapped [mem 0xdbff0000-0xdfff0000] (64MB)
[    8.232725] clocksource: tsc: mask: 0xffffffffffffffff max_cycles: 0x26bef4a354e, max_idle_ns: 440795213564 ns
[    8.333262] platform rtc_cmos: registered platform RTC device (no PNP device found)
[    8.386504] Scanning for low memory corruption every 60 seconds
[    8.464280] Initialise system trusted keyrings
[    8.522335] Key type blacklist registered
[    8.553207] workingset: timestamp_bits=36 max_order=20 bucket_order=0
[    8.578972] zbud: loaded
[    8.601373] squashfs: version 4.0 (2009/01/31) Phillip Lougher
[    8.625031] fuse init (API version 7.26)
[    8.824911] Key type asymmetric registered
[    8.841431] Asymmetric key parser 'x509' registered
[    8.858429] Block layer SCSI generic (bsg) driver version 0.4 loaded (major 246)
[    8.875561] io scheduler noop registered
[    8.951301] io scheduler deadline registered
[    9.032222] io scheduler cfq registered (default)
[    9.133517] ACPI: AC Adapter [AC] (on-line)
[    9.192023] input: Power Button as /devices/LNXSYSTM:00/LNXPWRBN:00/input/input0
[    9.321342] ACPI: Power Button [PWRF]
[    9.395061] input: Sleep Button as /devices/LNXSYSTM:00/LNXSLPBN:00/input/input1
[    9.464048] ACPI: Sleep Button [SLPF]
[    9.491356] Serial: 8250/16550 driver, 32 ports, IRQ sharing enabled
[    9.506638] ACPI: Battery Slot [BAT0] (battery present)
[    9.659540] 00:02: ttyS0 at I/O 0x3f8 (irq = 4, base_baud = 115200) is a 16550A
[    9.716911] Linux agpgart interface v0.103
[    9.737590] loop: module loaded
[    9.756978] scsi host0: ata_piix
[    9.768434] scsi host1: ata_piix
[    9.775557] ata1: PATA max UDMA/33 cmd 0x1f0 ctl 0x3f6 bmdma 0xd000 irq 14
[    9.788721] ata2: PATA max UDMA/33 cmd 0x170 ctl 0x376 bmdma 0xd008 irq 15
[    9.804780] tun: Universal TUN/TAP device driver, 1.6
[    9.818777] PPP generic driver version 2.4.2
[    9.836638] ehci_hcd: USB 2.0 'Enhanced' Host Controller (EHCI) Driver
[    9.899737] ehci-pci: EHCI PCI platform driver
[    9.927632] ehci-platform: EHCI generic platform driver
[    9.949526] ohci_hcd: USB 1.1 'Open' Host Controller (OHCI) Driver
[    9.971748] ohci-pci: OHCI PCI platform driver
[    9.994821] ohci-platform: OHCI generic platform driver
[   10.018792] uhci_hcd: USB Universal Host Controller Interface driver
[   10.050195] i8042: PNP: PS/2 Controller [PNP0303:PS2K,PNP0f03:PS2M] at 0x60,0x64 irq 1,12
[   10.179293] serio: i8042 KBD port at 0x60,0x64 irq 1
[   10.216569] serio: i8042 AUX port at 0x60,0x64 irq 12
[   10.274758] mousedev: PS/2 mouse device common for all mice
[   10.387520] input: AT Translated Set 2 keyboard as /devices/platform/i8042/serio0/input/input2
[   10.492515] rtc_cmos rtc_cmos: rtc core: registered rtc_cmos as rtc0
[   10.504168] rtc_cmos rtc_cmos: alarms up to one day, 114 bytes nvram
[   10.577402] i2c /dev entries driver
[   10.592218] device-mapper: uevent: version 1.0.3
[   10.624383] device-mapper: ioctl: 4.37.0-ioctl (2017-09-20) initialised: dm-devel@redhat.com
[   10.699497] ledtrig-cpu: registered to indicate activity on CPUs
[   10.787214] NET: Registered protocol family 10
[   10.882819] Segment Routing with IPv6
[   10.900769] NET: Registered protocol family 17
[   10.923056] Key type dns_resolver registered
[   10.941216] mce: Using 0 MCE banks
[   10.962621] RAS: Correctable Errors collector initialized.
[   10.993251] sched_clock: Marking stable (10993043133, 0)->(17304435784, -6311392651)
[   11.048326] registered taskstats version 1
[   11.071751] Loading compiled-in X.509 certificates
[   11.136296] Loaded X.509 cert 'Build time autogenerated kernel key: b5b26778eaa3ab3a4a6cee031137706e947d12ad'
[   11.283919] Loaded X.509 cert 'Canonical Ltd. Live Patch Signing: 14df34d1a87cf37625abec039ef2bf521249b969'
[   11.328477] Loaded X.509 cert 'Canonical Ltd. Kernel Module Signing: 88f752e560a1e0737e31163a466ad7b70a850c19'
[   11.351943] blacklist: Loading compiled-in revocation X.509 certificates
[   11.370325] Loaded X.509 cert 'Canonical Ltd. Secure Boot Signing: 61482aa2830d0ab2ad5af10b7250da9033ddcef0'
[   11.486170] Loaded X.509 cert 'Canonical Ltd. Secure Boot Signing (2017): 242ade75ac4a15e50d50c84b0d45ff3eae707a03'
[   11.547139] Loaded X.509 cert 'Canonical Ltd. Secure Boot Signing (ESM 2018): 365188c1d374d6b07c3c8f240f8ef722433d6a8b'
[   11.610371] Loaded X.509 cert 'Canonical Ltd. Secure Boot Signing (2019): c0746fd6c5da3ae827864651ad66ae47fe24b3e8'
[   11.641833] Loaded X.509 cert 'Canonical Ltd. Secure Boot Signing (2021 v1): a8d54bbb3825cfb94fa13c9f8a594a195c107b8d'
[   11.668787] Loaded X.509 cert 'Canonical Ltd. Secure Boot Signing (2021 v2): 4cf046892d6fd3c9a5b03f98d845f90851dc6a8c'
[   11.687207] Loaded X.509 cert 'Canonical Ltd. Secure Boot Signing (2021 v3): 100437bb6de6e469b581e61cd66bce3ef4ed53af'
[   11.718204] Loaded X.509 cert 'Canonical Ltd. Secure Boot Signing (Ubuntu Core 2019): c1d57b8f6b743f23ee41f4f7ee292f06eecadfb9'
[   11.757878] zswap: loaded using pool lzo/zbud
[   11.851392] Key type big_key registered
[   11.868992] Key type trusted registered
[   11.918168] Key type encrypted registered
[   11.983402] AppArmor: AppArmor sha1 policy hashing enabled
[   12.040299] ima: No TPM chip found, activating TPM-bypass! (rc=-19)
[   12.105448] ima: Allocated hash algorithm: sha1
[   12.126974] evm: HMAC attrs: 0x1
[   12.159616]   Magic number: 1:635:182
[   12.178052] rtc_cmos rtc_cmos: setting system clock to 2025-11-20 14:10:10 UTC (1763647810)
[   12.202504] BIOS EDD facility v0.16 2004-Jun-25, 0 devices found
[   12.231867] EDD information not available.
[   12.273904] Freeing unused kernel image memory: 2480K
[   12.369246] Write protecting the kernel read-only data: 20480k
[   12.406266] Freeing unused kernel image memory: 2008K
[   12.428171] Freeing unused kernel image memory: 1820K
[   12.492952] x86/mm: Checked W+X mappings: passed, no W+X pages found.
Loading, please wait...
starting version 237
[   13.096306] e1000: Intel(R) PRO/1000 Network Driver - version 7.3.21-k8-NAPI
[   13.121680] e1000: Copyright (c) 1999-2006 Intel Corporation.
[   13.149379] Fusion MPT base driver 3.04.20
[   13.166096] Copyright (c) 1999-2008 LSI Corporation
[   13.244646] Fusion MPT SPI Host driver 3.04.20
[   13.274098] AVX2 version of gcm_enc/dec engaged.
[   13.296991] AES CTR mode by8 optimization enabled
[   13.758067] input: ImExPS/2 Generic Explorer Mouse as /devices/platform/i8042/serio1/input/input4
[   15.706066] e1000 0000:00:03.0 eth0: (PCI:33MHz:32-bit) 02:3b:7b:b7:3b:2d
[   15.727507] e1000 0000:00:03.0 eth0: Intel(R) PRO/1000 Network Connection
[   15.755758] e1000 0000:00:03.0 enp0s3: renamed from eth0
[   15.771711] mptbase: ioc0: Initiating bringup
[   16.471883] ioc0: LSI53C1030 A0: Capabilities={Initiator}
[   16.855012] scsi host2: ioc0: LSI53C1030 A0, FwRev=00000000h, Ports=1, MaxQ=256, IRQ=20
[   17.087216] scsi 2:0:0:0: Direct-Access     VBOX     HARDDISK         1.0  PQ: 0 ANSI: 5
[   17.172590] scsi target2:0:0: Beginning Domain Validation
[   17.235433] scsi target2:0:0: Domain Validation skipping write tests
[   17.256827] scsi target2:0:0: Ending Domain Validation
[   17.276914] scsi target2:0:0: asynchronous
[   17.309251] scsi 2:0:1:0: Direct-Access     VBOX     HARDDISK         1.0  PQ: 0 ANSI: 5
[   17.369299] scsi target2:0:1: Beginning Domain Validation
[   17.429166] scsi target2:0:1: Domain Validation skipping write tests
[   17.453710] scsi target2:0:1: Ending Domain Validation
[   17.471451] scsi target2:0:1: asynchronous
[   17.555418] sd 2:0:0:0: Attached scsi generic sg0 type 0
[   17.562895] sd 2:0:0:0: [sda] 83886080 512-byte logical blocks: (42.9 GB/40.0 GiB)
[   17.581682] sd 2:0:1:0: Attached scsi generic sg1 type 0
[   17.617217] sd 2:0:0:0: [sda] Write Protect is off
[   17.651510] sd 2:0:0:0: [sda] Write cache: enabled, read cache: enabled, supports DPO and FUA
[   17.681851] sd 2:0:1:0: [sdb] 20480 512-byte logical blocks: (10.5 MB/10.0 MiB)
[   17.711878] sd 2:0:1:0: [sdb] Write Protect is off
[   17.724694]  sda: sda1
[   17.743249] sd 2:0:1:0: [sdb] Write cache: enabled, read cache: enabled, supports DPO and FUA
[   17.749274] sd 2:0:0:0: [sda] Attached SCSI disk
[   17.829005] sd 2:0:1:0: [sdb] Attached SCSI disk
Begin: Loading essential drivers ... [   22.809436] raid6: sse2x1   gen() 36030 MB/s
[   23.815627] raid6: sse2x1   xor() 32123 MB/s
[   25.826350] raid6: sse2x2   gen() 68241 MB/s
[   26.797233] raid6: sse2x2   xor() 50600 MB/s
[   27.857067] raid6: sse2x4   gen()  4269 MB/s
[   27.964816] raid6: sse2x4   xor()   578 MB/s
[   28.852798] raid6: avx2x1   gen()  6759 MB/s
[   28.938329] raid6: avx2x1   xor()  1162 MB/s
[   29.078424] raid6: avx2x2   gen()  1817 MB/s
[   29.173068] raid6: avx2x2   xor()  2565 MB/s
[   29.808752] raid6: avx2x4   gen() 61128 MB/s
[   29.901253] raid6: avx2x4   xor()  2494 MB/s
[   29.914609] raid6: using algorithm sse2x2 gen() 68241 MB/s
[   29.932994] raid6: .... xor() 50600 MB/s, rmw enabled
[   29.951498] raid6: using avx2x2 recovery algorithm
[   29.995550] xor: automatically using best checksumming function   avx       
[   30.103591] async_tx: api initialized (async)
done.
Begin: Running /scripts/init-premount ... done.
Begin: Mounting root file system ... Begin: Running /scripts/local-top ... done.
Begin: Running /scripts/local-premount ... [   30.721067] Btrfs loaded, crc32c=crc32c-intel
Scanning for Btrfs filesystems
done.
Warning: fsck not present, so skipping root file system
[   31.318515] EXT4-fs (sda1): mounted filesystem with ordered data mode. Opts: (null)
done.
Begin: Running /scripts/local-bottom ... done.
Begin: Running /scripts/init-bottom ... done.
[   32.682877] ip_tables: (C) 2000-2006 Netfilter Core Team
[   32.870638] systemd[1]: systemd 237 running in system mode. (+PAM +AUDIT +SELINUX +IMA +APPARMOR +SMACK +SYSVINIT +UTMP +LIBCRYPTSETUP +GCRYPT +GNUTLS +ACL +XZ +LZ4 +SECCOMP +BLKID +ELFUTILS +KMOD -IDN2 +IDN -PCRE2 default-hierarchy=hybrid)
[   33.103169] systemd[1]: Detected virtualization oracle.
[   33.135648] systemd[1]: Detected architecture x86-64.

Welcome to [1mUbuntu 18.04.6 LTS[0m!

[   33.464693] systemd[1]: Set hostname to <ubuntu>.
[   33.550603] systemd[1]: Initializing machine ID from random generator.
[   33.598345] systemd[1]: Installed transient /etc/machine-id file.
[   36.208589] systemd[1]: Reached target User and Group Name Lookups.
[[0;32m  OK  [0m] Reached target User and Group Name Lookups.
[   36.299547] systemd[1]: Reached target Mounting snaps.
[[0;32m  OK  [0m] Reached target Mounting snaps.
[   36.474238] systemd[1]: Created slice User and Session Slice.
[[0;32m  OK  [0m] Created slice User and Session Slice.
[   36.514629] systemd[1]: Created slice System Slice.
[[0;32m  OK  [0m] Created slice System Slice.
[[0;32m  OK  [0m] Listening on LVM2 metadata daemon socket.
[[0;32m  OK  [0m] Listening on Journal Socket (/dev/log).
[[0;32m  OK  [0m] Listening on udev Control Socket.
[[0;32m  OK  [0m] Reached target Slices.
[[0;32m  OK  [0m] Listening on /dev/initctl Compatibility Named Pipe.
[[0;32m  OK  [0m] Listening on fsck to fsckd communication Socket.
[[0;32m  OK  [0m] Listening on Journal Audit Socket.
[[0;32m  OK  [0m] Started Forward Password Requests to Wall Directory Watch.
[[0;32m  OK  [0m] Created slice system-serial\x2dgetty.slice.
[[0;32m  OK  [0m] Listening on Device-mapper event daemon FIFOs.
[[0;32m  OK  [0m] Listening on Syslog Socket.
[[0;32m  OK  [0m] Set up automount Arbitrary Executab…rmats File System Automount Point.
[[0;32m  OK  [0m] Listening on LVM2 poll daemon socket.
[[0;32m  OK  [0m] Reached target Swap.
[[0;32m  OK  [0m] Reached target System Time Synchronized.
[[0;32m  OK  [0m] Reached target Mounted snaps.
[[0;32m  OK  [0m] Listening on Network Service Netlink Socket.
[[0;32m  OK  [0m] Listening on udev Kernel Socket.
[[0;32m  OK  [0m] Listening on Journal Socket.
         Mounting Huge Pages File System...
         Starting Monitoring of LVM2 mirrors…ng dmeventd or progress polling...
         Starting Uncomplicated firewall...
         Mounting Kernel Debug File System...
         Starting Set the console keyboard layout...
         Mounting POSIX Message Queue File System...
         Starting Load Kernel Modules...
         Starting Journal Service...
         Starting File System Check on Root Device...
         Starting Create list of required st…ce nodes for the current kernel...[   37.335096] Loading iSCSI transport class v2.0-870.

         Starting udev Coldplug all Devices...
[[0;32m  OK  [0m] Mounted Huge Pages File System.
[[0;32m  OK  [0m] Started Uncomplicated firewall.
[[0;32m  OK  [0m] Mounted Kernel Debug File System.
[[0;32m  OK  [0m] Mounted POSIX Message Queue File System.
[[0;32m  OK  [0m] Started Create list of required sta…vice nodes for the current kernel.
         Starting Create Static Device Nodes in /dev...
[[0;32m  OK  [0m] Started LVM2 metadata daemon.
[[0;32m  OK  [0m] Started Journal Service.
[[0;32m  OK  [0m[   37.870575] iscsi: registered transport (tcp)
] Started File System Check Daemon to report status.
[[0;32m  OK  [0m] Started Create Static Device Nodes in /dev.
[[0;32m  OK  [0m] Started udev Coldplug all Devices.
[[0;32m  OK  [0m] Started File System Check on Root Device.
         Starting Remount Root and Kernel File Systems...
[[0;32m  OK  [0m] Started Monitoring of LVM2 mirrors,…sing dmeventd or progress polling.
[   38.550510] EXT4-fs (sda1): re-mounted. Opts: (null)
[[0;32m  OK  [0m] Started Remount Root and Kernel File Systems.
[   38.700562] iscsi: registered transport (iser)
         Starting Load/Save Random Seed...
         Starting Flush Journal to Persistent Storage...
         Starting udev Kernel Device Manager...
[[0;32m  OK  [0m] Started Load Kernel Modules.
[[0;32m  OK  [0m] Started Load/Save Random Seed.
         Starting Apply Kernel Variables...
         Mounting FUSE Control File System...
         Mounting Kernel Configuration File System...
[[0;32m  OK  [0m] Mounted FUSE Control File System.
[[0;32m  OK  [0m] Mounted Kernel Configuration File System.
[   38.961336] systemd-journald[404]: Received request to flush runtime journal from PID 1
[[0;32m  OK  [0m] Started Apply Kernel Variables.
[[0;32m  OK  [0m] Started udev Kernel Device Manager.
[[0;32m  OK  [0m] Started Flush Journal to Persistent Storage.
[[0;32m  OK  [0m] Found device /dev/ttyS0.
[[0;32m  OK  [0m] Listening on Load/Save RF Kill Switch Status /dev/rfkill Watch.
[[0;32m  OK  [0m] Started Set the console keyboard layout.
         Mounting Arbitrary Executable File Formats File System...
[[0;32m  OK  [0m] Started Dispatch Password Requests to Console Directory Watch.
[[0;32m  OK  [0m] Reached target Local Encrypted Volumes.
[[0;32m  OK  [0m] Reached target Local File Systems (Pre).
[[0;32m  OK  [0m] Reached target Local File Systems.
         Starting AppArmor initialization...
         Starting ebtables ruleset management...
         Starting Create Volatile Files and Directories...
         Starting Commit a transient machine-id on disk...
         Starting Tell Plymouth To Write Out Runtime Data...
         Starting Set console font and keymap...
[[0;32m  OK  [0m] Mounted Arbitrary Executable File Formats File System.
[[0;32m  OK  [0m] Started Commit a transient machine-id on disk.
[[0;32m  OK  [0m] Started Create Volatile Files and Directories.
[[0;32m  OK  [0m] Started Tell Plymouth To Write Out Runtime Data.
         Starting Update UTMP about System Boot/Shutdown...
[[0;32m  OK  [0m] Started ebtables ruleset management.
[[0;32m  OK  [0m] Started Update UTMP about System Boot/Shutdown.
[[0;32m  OK  [0m] Started AppArmor initialization.
         Starting Initial cloud-init job (pre-networking)...
         Starting Load AppArmor profiles managed internally by snapd...
[[0;32m  OK  [0m] Started Load AppArmor profiles managed internally by snapd.
[[0;32m  OK  [0m] Started Set console font and keymap.
[   57.674554] cloud-init[598]: Cloud-init v. 23.1.2-0ubuntu0~18.04.1 running 'init-local' at Thu, 20 Nov 2025 14:10:53 +0000. Up 55.33 seconds.
[[0;32m  OK  [0m] Started Initial cloud-init job (pre-networking).
[[0;32m  OK  [0m] Reached target Network (Pre).
         Starting Network Service...
[[0;32m  OK  [0m] Started Network Service.
         Starting Network Name Resolution...
         Starting Wait for Network to be Configured...
[[0;32m  OK  [0m] Started Network Name Resolution.
[[0;32m  OK  [0m] Reached target Network.
[[0;32m  OK  [0m] Reached target Host and Network Name Lookups.
[[0;32m  OK  [0m] Started Wait for Network to be Configured.
         Starting Initial cloud-init job (metadata service crawler)...
[   62.346900] cloud-init[890]: Cloud-init v. 23.1.2-0ubuntu0~18.04.1 running 'init' at Thu, 20 Nov 2025 14:11:00 +0000. Up 61.88 seconds.
[   62.363279] cloud-init[890]: ci-info: +++++++++++++++++++++++++++++++++++++++++++Net device info++++++++++++++++++++++++++++++++++++++++++++
[   62.379231] cloud-init[890]: ci-info: +--------+------+---------------------------------------+---------------+--------+-------------------+
[   62.395555] cloud-init[890]: ci-info: | Device |  Up  |                Address                |      Mask     | Scope  |     Hw-Address    |
[   62.412949] cloud-init[890]: ci-info: +--------+------+---------------------------------------+---------------+--------+-------------------+
[   62.427729] cloud-init[890]: ci-info: | enp0s3 | True |               10.0.2.15               | 255.255.255.0 | global | 02:3b:7b:b7:3b:2d |
[   62.443318] cloud-init[890]: ci-info: | enp0s3 | True | fd17:625c:f037:2:3b:7bff:feb7:3b2d/64 |       .       | global | 02:3b:7b:b7:3b:2d |
[   62.459146] cloud-init[890]: ci-info: | enp0s3 | True |       fe80::3b:7bff:feb7:3b2d/64      |       .       |  link  | 02:3b:7b:b7:3b:2d |
[   62.475239] cloud-init[890]: ci-info: |   lo   | True |               127.0.0.1               |   255.0.0.0   |  host  |         .         |
[   62.495343] cloud-init[890]: ci-info: |   lo   | True |                ::1/128                |       .       |  host  |         .         |
[   62.513278] cloud-init[890]: ci-info: +--------+------+---------------------------------------+---------------+--------+-------------------+
[   62.531383] cloud-init[890]: ci-info: ++++++++++++++++++++++++++++Route IPv4 info+++++++++++++++++++++++++++++
[   62.543633] cloud-init[890]: ci-info: +-------+-------------+----------+-----------------+-----------+-------+
[   62.555191] cloud-init[890]: ci-info: | Route | Destination | Gateway  |     Genmask     | Interface | Flags |
[   62.575143] cloud-init[890]: ci-info: +-------+-------------+----------+-----------------+-----------+-------+
[   62.585735] cloud-init[890]: ci-info: |   0   |   0.0.0.0   | 10.0.2.2 |     0.0.0.0     |   enp0s3  |   UG  |
[   62.599357] cloud-init[890]: ci-info: |   1   |   10.0.2.0  | 0.0.0.0  |  255.255.255.0  |   enp0s3  |   U   |
[   62.611910] cloud-init[890]: ci-info: |   2   |   10.0.2.2  | 0.0.0.0  | 255.255.255.255 |   enp0s3  |   UH  |
[   62.622162] cloud-init[890]: ci-info: +-------+-------------+----------+-----------------+-----------+-------+
[   62.633090] cloud-init[890]: ci-info: ++++++++++++++++++++++++Route IPv6 info++++++++++++++++++++++++
[   62.644870] cloud-init[890]: ci-info: +-------+-----------------------+---------+-----------+-------+
[   62.657986] cloud-init[890]: ci-info: | Route |      Destination      | Gateway | Interface | Flags |
[   62.669982] cloud-init[890]: ci-info: +-------+-----------------------+---------+-----------+-------+
[   62.683455] cloud-init[890]: ci-info: |   1   | fd17:625c:f037:2::/64 |    ::   |   enp0s3  |   U   |
[   62.696854] cloud-init[890]: ci-info: |   2   |       fe80::/64       |    ::   |   enp0s3  |   U   |
[   62.715531] cloud-init[890]: ci-info: |   3   |          ::/0         | fe80::2 |   enp0s3  |   UG  |
[   62.735703] cloud-init[890]: ci-info: |   5   |         local         |    ::   |   enp0s3  |   U   |
[   62.760046] cloud-init[890]: ci-info: |   6   |         local         |    ::   |   enp0s3  |   U   |
[   62.781487] cloud-init[890]: ci-info: |   7   |        ff00::/8       |    ::   |   enp0s3  |   U   |
[   62.799937] cloud-init[890]: ci-info: +-------+-----------------------+---------+-----------+-------+
[   66.297481] cloud-init[890]: Generating public/private rsa key pair.
[   66.317258] cloud-init[890]: Your identification has been saved in /etc/ssh/ssh_host_rsa_key.
[   66.344109] cloud-init[890]: Your public key has been saved in /etc/ssh/ssh_host_rsa_key.pub.
[   66.359863] cloud-init[890]: The key fingerprint is:
[   66.381892] cloud-init[890]: SHA256:Z+/fCTOBxEK9xe4ZKGjxeZVydVyUw/dkrWUF/jdtvIM root@ubuntu-bionic
[   66.404873] [[0;32m  OK  [0m] Started Initial cloud-init job (metadata service crawler).
[[0;32m  OK  [0m] Reached target Cloud-config availability.
[[0;32m  OK  [0m] Reached target Network is Online.
[[0;32m  OK  [0m] Reached target Remote File Systems (Pre).
[[0;32m  OK  [0m] Reached target Remote File Systems.
         Starting Availability of block devices...
[[0;32m  OK  [0m] Reached target System Initialization.
[[0;32m  OK  [0m] Listening on D-Bus System Message Bus Socket.
[[0;32m  OK  [0m] Listening on Open-iSCSI iscsid Socket.
[[0;32m  OK  [0m] Started ACPI Events Check.
[[0;32m  OK  [0m] Started Message of the Day.
[[0;32m  OK  [0m] Started Discard unused blocks once a week.
[[0;32m  OK  [0m] Listening on ACPID Listen Socket.
         Starting LXD - unix socket.
[[0;32m  OK  [0m] Started Ubuntu Advantage Timer for running repeated jobs.
[[0;32m  OK  [0m] Reached target Paths.
[[0;32m  OK  [0m] Started Daily Cleanup of Temporary Directories.
         Starting Socket activation for snappy daemon.
[[0;32m  OK  [0m] Listening on cloud-init hotplug hook socket.
[[0;32m  OK  [0m] Listening on UUID daemon activation socket.
[[0;32m  OK  [0m] Started Daily apt download activities.
[[0;32m  OK  [0m] Started Daily apt upgrade and clean activities.
[[0;32m  OK  [0m] Reached target Timers.
[[0;32m  OK  [0m] Started Availability of block devices.
[[0;32m  OK  [0m] Listening on LXD - unix socket.
[[0;32m  OK  [0m] Listening on Socket activation for snappy daemon.
[[0;32m  OK  [0m] Reached target Sockets.
[[0;32m  OK  [0m] Reached target Basic System.
[[0;32m  OK  [0m] Started irqbalance daemon.
         Starting LSB: automatic crash report generation...
         Starting LXD - container startup/shutdown...
         Starting Dispatcher daemon for systemd-networkd...
[[0;32m  OK  [0m] Started Deferred execution scheduler.
         Starting Permit User Sessions...
[[0;32m  OK  [0m] Started Regular background program processing daemon.
         Starting LSB: Record successful boot for GRUB...
         Starting Virtualbox guest utils...
         Starting Accounts Service...
[[0;32m  OK  [0m] Started FUSE filesystem for LXC.
[[0;32m  OK  [0m] Reached target Login Prompts (Pre).
[[0;32m  OK  [0m] Started D-Bus System Message Bus.
cloud-init[890]: The key's randomart image is:
[   66.749023] cloud-init[890]: +---[RSA 2048]----+
[   66.774399] cloud-init[890]:          Starting Login Service...
|         .. . ==X|
         Starting Snap Daemon...
[   66.884778]          Starting System Logging Service...
cloud-init[890]: |       .. .o B +X|
[   66.962619] cloud-init[890]: |        +..oO .*+|
[   66.993306] cloud-init[890]: |       o +o+.o.oo|
         Starting Pollinate to seed the pseudo random number generator...
[[0;32m  OK  [0m] Started Permit User Sessions.
[   67.038944] cloud-init[890]:          Starting Hold until boot process finishes up...
         Starting Terminate Plymouth Boot Screen...
|      . S =...o.*|
[   67.095665] cloud-init[890]: |         o . oo.+|
[   67.101064] cloud-init[890]: |            .E o |
[[0;32m  OK  [0m] Started Terminate Plymouth Boot Screen.
[   67.121722] cloud-init[890]: |           .  +.o|
[   67.134969] cloud-init[890]: |            .....|
[   67.141083] cloud-init[890]: +----[SHA256]-----+
[   67.146233] cloud-init[890]: Generating public/private dsa key pair.
[   67.151961] cloud-init[890]: Your identification has been saved in /etc/ssh/ssh_host_dsa_key.
[   67.161086] cloud-init[890]: Your public key has been saved in /etc/ssh/ssh_host_dsa_key.pub.
[   67.181387] cloud-init[890]: The key fingerprint is:
[[0;32m  OK  [0m] Started Hold until boot process finishes up.
         Starting Set console scheme...
[   67.194285] cloud-init[890]: SHA256:vQV5GO4wHzTOdrfxlbOrkhVzNRNTbuCHDr4rrV2LOtc root@ubuntu-bionic
[[0;32m  OK  [0m] Started Serial Getty on ttyS0.
[   67.241725] cloud-init[890]: The key's randomart image is:
[   67.261006] cloud-init[890]: +---[DSA 1024]----+
[   67.267493] cloud-init[890]: |          +   .o+|
[   67.273556] cloud-init[890]: |         = = . *+|
[   67.281618] cloud-init[890]: |        o X + =oO|
[   67.287525] cloud-init[890]: |         B * * B+|
[   67.293160] cloud-init[890]: |        S + o *..|
[   67.302015] cloud-init[890]: |           o o  .|
[   67.328533] cloud-init[890]: |          ..+... |
[   67.335530] cloud-init[890]: |          o+o+E. |
[   67.341781] cloud-init[890]: |          o*=..  |
[   67.349755] cloud-init[890]: +----[SHA256]-----+
[   67.356120] cloud-init[890]: Generating public/private ecdsa key pair.
[   67.365352] cloud-init[890]: Your identification has been saved in /etc/ssh/ssh_host_ecdsa_key.
[   67.377160] cloud-init[890]: Your public key has been saved in /etc/ssh/ssh_host_ecdsa_key.pub.
[   67.387953] cloud-init[890]: The key fingerprint is:
[   67.397338] cloud-init[890]: SHA256:/6D4c5oiMKrELuckY8UOg76xw+XNkYsksNxP0uxcyck root@ubuntu-bionic
[   67.414019] cloud-init[890]: The key's randomart image is:
[   67.427329] cloud-init[890]: +---[ECDSA 256]---+
[   67.446985] cloud-init[890]: |                 |
[   67.454728] cloud-init[890]: |                 |
[   67.483826] cloud-init[890]: |                 |
[   67.491045] cloud-init[890]: |o .              |
[   67.497686] cloud-init[890]: |++.oo + S        |
[   67.506202] cloud-init[890]: |+oB= * E .       |
[   67.513108] cloud-init[890]: |+B*+X +   o      |
[   67.519585] cloud-init[890]: |**=o.B...o.o     |
[   67.526014] cloud-init[890]: |+*o  ..o=+  .    |
[   67.533117] cloud-init[890]: +----[SHA256]-----+
[   67.538713] cloud-init[890]: Generating public/private ed25519 key pair.
[   67.571988] [[0;32m  OK  [0m] Started System Logging Service.
cloud-init[890]: Your identification has been saved in /etc/ssh/ssh_host_ed25519_key.
[   67.592023] cloud-init[890]: Your public key has been saved in /etc/ssh/ssh_host_ed25519_key.pub.
[   67.597985] cloud-init[890]: The key fingerprint is:
[   67.605086] cloud-init[890]: SHA256:SFDntc94JsYqLGC8LB8ohN/yi7io38k/f6opfZQu9MM root@ubuntu-bionic
[   67.617170] cloud-init[890]: The key's randomart image is:
[   67.624907] cloud-init[890]: +--[ED25519 256]--+
[   67.631624] cloud-init[890]: |    ... . .      |
[   67.637693] cloud-init[890]: |     . o . .     |
[   67.643528] cloud-init[890]: |      . . .      |
[   67.649942] cloud-init[890]: |..   . . . +     |
[   67.656107] cloud-init[890]: |..+   . S.= =    |
[   67.663371] cloud-init[890]: |.= + .. oo +     |
[   67.670031] cloud-init[890]: |+ * ooo=.        |
[   67.677103] cloud-init[890]: |o+ B.o+oE .      |
[[0;32m  OK  [0m] Started Set console scheme.
[   67.696964] [[0;32m  OK  [0m] Created slice system-getty.slice.
[[0;32m  OK  [0m] Started Getty on tty1.
cloud-init[890]: |*o+ *++*o+       |
[   67.783486] [[0;32m  OK  [0m] Reached target Login Prompts.
cloud-init[890]: +----[SHA256]-----+
[[0;32m  OK  [0m] Started LSB: automatic crash report generation.
[[0;32m  OK  [0m] Started Login Service.
[[0;32m  OK  [0m] Started Unattended Upgrades Shutdown.
[[0;32m  OK  [0m] Started LSB: Record successful boot for GRUB.
         Starting Authorization Manager...
[[0;32m  OK  [0m] Started Dispatcher daemon for systemd-networkd.
[[0;32m  OK  [0m] Started Authorization Manager.
[[0;32m  OK  [0m] Started Virtualbox guest utils.
[[0;32m  OK  [0m] Started Accounts Service.
[[0;32m  OK  [0m] Started LXD - container startup/shutdown.
[[0;32m  OK  [0m] Started Pollinate to seed the pseudo random number generator.
         Starting OpenBSD Secure Shell server...
[[0;32m  OK  [0m] Started OpenBSD Secure Shell server.
[[0;32m  OK  [0m] Created slice User Slice of vagrant.
         Starting User Manager for UID 1000...
[[0;32m  OK  [0m] Started Session 1 of user vagrant.
[[0;32m  OK  [0m] Started User Manager for UID 1000.
[[0;32m  OK  [0m] Started Snap Daemon.
         Starting Wait until snapd is fully seeded...

Ubuntu 18.04.6 LTS ubuntu-bionic ttyS0

ubuntu-bionic login: [   85.213462] cloud-init[1441]: Cloud-init v. 23.1.2-0ubuntu0~18.04.1 running 'modules:config' at Thu, 20 Nov 2025 14:11:20 +0000. Up 81.87 seconds.
ci-info: no authorized SSH keys fingerprints found for user ubuntu.
<14>Nov 20 14:11:25 cloud-init: #############################################################
<14>Nov 20 14:11:25 cloud-init: -----BEGIN SSH HOST KEY FINGERPRINTS-----
<14>Nov 20 14:11:26 cloud-init: 1024 SHA256:vQV5GO4wHzTOdrfxlbOrkhVzNRNTbuCHDr4rrV2LOtc root@ubuntu-bionic (DSA)
<14>Nov 20 14:11:26 cloud-init: 256 SHA256:/6D4c5oiMKrELuckY8UOg76xw+XNkYsksNxP0uxcyck root@ubuntu-bionic (ECDSA)
<14>Nov 20 14:11:26 cloud-init: 256 SHA256:SFDntc94JsYqLGC8LB8ohN/yi7io38k/f6opfZQu9MM root@ubuntu-bionic (ED25519)
<14>Nov 20 14:11:26 cloud-init: 2048 SHA256:Z+/fCTOBxEK9xe4ZKGjxeZVydVyUw/dkrWUF/jdtvIM root@ubuntu-bionic (RSA)
<14>Nov 20 14:11:26 cloud-init: -----END SSH HOST KEY FINGERPRINTS-----
<14>Nov 20 14:11:26 cloud-init: #############################################################
-----BEGIN SSH HOST KEY KEYS-----
ecdsa-sha2-nistp256 AAAAE2VjZHNhLXNoYTItbmlzdHAyNTYAAAAIbmlzdHAyNTYAAABBBIBvl7Z54dNBrxpShFWMXvgNsDwMmLR5GpWYSrBGlawu4f4Kzh4agDcCq6iPSlkFfI8L4Flx88pojE9wJPXqC5E= root@ubuntu-bionic
ssh-ed25519 AAAAC3NzaC1lZDI1NTE5AAAAIB1Ssp0V1N9t1K86M9VF7NxaFDZGIoBT6kMeYxm7/+U0 root@ubuntu-bionic
ssh-rsa AAAAB3NzaC1yc2EAAAADAQABAAABAQClTpPcu/qr/lejFI3XxobrNl8O78ipIJYnkZlwWsse3046QJKN37UYiPSHz4KYsvhuIDVG2l4/6XNZZ9mFKkAiJw+To764/O9FUq8sZtj/gm7B0JQK8vtz9mtZJ6YgdvRjvikD8046KcFyeDb9GiacOy+JPPiVQB79yfW47+fH4Kw6d1jYZjHAI10mS3G2y+IJSKw/XPY9rktumh9yG2e2n5UV1oxf4kPH3agOmIKICRX9+s48cM8OnEdCoc3PdOIxQ0muPzGryicPhF0b0tJHsJYPnh4wxDyjeYzpuTNKoT1N7CM/aRWXt245ap70YKCHRDVoQeIW6+asMpRNBmCZ root@ubuntu-bionic
-----END SSH HOST KEY KEYS-----
[   88.100757] cloud-init[1580]: Cloud-init v. 23.1.2-0ubuntu0~18.04.1 running 'modules:final' at Thu, 20 Nov 2025 14:11:25 +0000. Up 86.98 seconds.
[   88.108853] cloud-init[1580]: Cloud-init v. 23.1.2-0ubuntu0~18.04.1 finished at Thu, 20 Nov 2025 14:11:26 +0000. Datasource DataSourceNoCloud [seed=/dev/sdb][dsmode=net].  Up 88.07 seconds
